build/app/intermediates/manifest_merge_blame_file/debug/manifest-merger-blame-debug-report.txt
1<?xml version="1.0" encoding="utf-8"?>
2<manifest xmlns:android="http://schemas.android.com/apk/res/android"
3    package="pstudio.com.unwebsiath2"
4    android:versionCode="1"
5    android:versionName="1.0.0" >
6
7    <uses-sdk
8        android:minSdkVersion="19"
9        android:targetSdkVersion="33" />
10    <!--
11         The INTERNET permission is required for development. Specifically,
12         the Flutter tool needs it to communicate with the running application
13         to allow setting breakpoints, to provide hot reload, etc.
14    -->
15    <uses-permission android:name="android.permission.INTERNET" />
15-->src\debug\AndroidManifest.xml:6:5-66
15-->src\debug\AndroidManifest.xml:6:22-64
16
17    <queries>
17-->src\main\AndroidManifest.xml:2:5-13:17
18
19        <!-- If your app checks for SMS support -->
20        <intent>
20-->src\main\AndroidManifest.xml:4:9-7:18
21            <action android:name="android.intent.action.VIEW" />
21-->src\main\AndroidManifest.xml:5:11-63
21-->src\main\AndroidManifest.xml:5:19-60
22
23            <data android:scheme="http" />
23-->src\main\AndroidManifest.xml:6:11-41
23-->src\main\AndroidManifest.xml:6:17-38
24        </intent>
25        <!-- If your app checks for call support -->
26        <intent>
26-->src\main\AndroidManifest.xml:9:9-12:18
27            <action android:name="android.intent.action.VIEW" />
27-->src\main\AndroidManifest.xml:5:11-63
27-->src\main\AndroidManifest.xml:5:19-60
28
29            <data android:scheme="https" />
29-->src\main\AndroidManifest.xml:6:11-41
29-->src\main\AndroidManifest.xml:6:17-38
30        </intent>
31        <intent>
31-->[:flutter_inappwebview] AndroidManifest.xml:10:9-12:18
32            <action android:name="android.support.customtabs.action.CustomTabsService" />
32-->[:flutter_inappwebview] AndroidManifest.xml:11:13-90
32-->[:flutter_inappwebview] AndroidManifest.xml:11:21-87
33        </intent>
34    </queries>
35
36    <permission
36-->[androidx.core:core:1.10.1] AndroidManifest.xml:22:5-24:47
37        android:name="pstudio.com.unwebsiath2.DYNAMIC_RECEIVER_NOT_EXPORTED_PERMISSION"
37-->[androidx.core:core:1.10.1] AndroidManifest.xml:23:9-81
38        android:protectionLevel="signature" />
38-->[androidx.core:core:1.10.1] AndroidManifest.xml:24:9-44
39
40    <uses-permission android:name="pstudio.com.unwebsiath2.DYNAMIC_RECEIVER_NOT_EXPORTED_PERMISSION" />
40-->[androidx.core:core:1.10.1] AndroidManifest.xml:26:5-97
40-->[androidx.core:core:1.10.1] AndroidManifest.xml:26:22-94
41
42    <application
43        android:name="android.app.Application"
44        android:appComponentFactory="androidx.core.app.CoreComponentFactory"
44-->[androidx.core:core:1.10.1] AndroidManifest.xml:28:18-86
45        android:debuggable="true"
46        android:icon="@mipmap/ic_launcher"
47        android:label="unwebsiath2" >
48        <activity
49            android:name="pstudio.com.unwebsiath2.MainActivity"
50            android:configChanges="orientation|keyboardHidden|keyboard|screenSize|smallestScreenSize|locale|layoutDirection|fontScale|screenLayout|density|uiMode"
51            android:exported="true"
52            android:hardwareAccelerated="true"
53            android:launchMode="singleTop"
54            android:theme="@style/LaunchTheme"
55            android:windowSoftInputMode="adjustResize" >
56
57            <!--
58                 Specifies an Android theme to apply to this Activity as soon as
59                 the Android process has started. This theme is visible to the user
60                 while the Flutter UI initializes. After that, this theme continues
61                 to determine the Window background behind the Flutter UI.
62            -->
63            <meta-data
64                android:name="io.flutter.embedding.android.NormalTheme"
65                android:resource="@style/NormalTheme" />
66
67            <intent-filter>
68                <action android:name="android.intent.action.MAIN" />
69
70                <category android:name="android.intent.category.LAUNCHER" />
71            </intent-filter>
72        </activity>
73        <!--
74             Don't delete the meta-data below.
75             This is used by the Flutter tool to generate GeneratedPluginRegistrant.java
76        -->
77        <meta-data
78            android:name="flutterEmbedding"
79            android:value="2" />
80
81        <activity
81-->[:flutter_inappwebview] AndroidManifest.xml:16:9-20:47
82            android:name="com.pichillilorenzo.flutter_inappwebview.in_app_browser.InAppBrowserActivity"
82-->[:flutter_inappwebview] AndroidManifest.xml:17:13-104
83            android:configChanges="orientation|keyboardHidden|keyboard|screenSize|locale|layoutDirection|fontScale|screenLayout|density"
83-->[:flutter_inappwebview] AndroidManifest.xml:18:13-137
84            android:exported="false"
84-->[:flutter_inappwebview] AndroidManifest.xml:19:13-37
85            android:theme="@style/AppTheme" />
85-->[:flutter_inappwebview] AndroidManifest.xml:20:13-44
86        <activity
86-->[:flutter_inappwebview] AndroidManifest.xml:21:9-24:55
87            android:name="com.pichillilorenzo.flutter_inappwebview.chrome_custom_tabs.ChromeCustomTabsActivity"
87-->[:flutter_inappwebview] AndroidManifest.xml:22:13-112
88            android:exported="false"
88-->[:flutter_inappwebview] AndroidManifest.xml:23:13-37
89            android:theme="@style/ThemeTransparent" />
89-->[:flutter_inappwebview] AndroidManifest.xml:24:13-52
90        <activity
90-->[:flutter_inappwebview] AndroidManifest.xml:25:9-28:55
91            android:name="com.pichillilorenzo.flutter_inappwebview.chrome_custom_tabs.TrustedWebActivity"
91-->[:flutter_inappwebview] AndroidManifest.xml:26:13-106
92            android:exported="false"
92-->[:flutter_inappwebview] AndroidManifest.xml:27:13-37
93            android:theme="@style/ThemeTransparent" />
93-->[:flutter_inappwebview] AndroidManifest.xml:28:13-52
94        <activity
94-->[:flutter_inappwebview] AndroidManifest.xml:29:9-33:55
95            android:name="com.pichillilorenzo.flutter_inappwebview.chrome_custom_tabs.ChromeCustomTabsActivitySingleInstance"
95-->[:flutter_inappwebview] AndroidManifest.xml:30:13-126
96            android:exported="false"
96-->[:flutter_inappwebview] AndroidManifest.xml:31:13-37
97            android:launchMode="singleInstance"
97-->[:flutter_inappwebview] AndroidManifest.xml:32:13-48
98            android:theme="@style/ThemeTransparent" />
98-->[:flutter_inappwebview] AndroidManifest.xml:33:13-52
99        <activity
99-->[:flutter_inappwebview] AndroidManifest.xml:34:9-38:55
100            android:name="com.pichillilorenzo.flutter_inappwebview.chrome_custom_tabs.TrustedWebActivitySingleInstance"
100-->[:flutter_inappwebview] AndroidManifest.xml:35:13-120
101            android:exported="false"
101-->[:flutter_inappwebview] AndroidManifest.xml:36:13-37
102            android:launchMode="singleInstance"
102-->[:flutter_inappwebview] AndroidManifest.xml:37:13-48
103            android:theme="@style/ThemeTransparent" />
103-->[:flutter_inappwebview] AndroidManifest.xml:38:13-52
104
105        <receiver
105-->[:flutter_inappwebview] AndroidManifest.xml:40:9-43:40
106            android:name="com.pichillilorenzo.flutter_inappwebview.chrome_custom_tabs.ActionBroadcastReceiver"
106-->[:flutter_inappwebview] AndroidManifest.xml:41:13-111
107            android:enabled="true"
107-->[:flutter_inappwebview] AndroidManifest.xml:42:13-35
108            android:exported="false" />
108-->[:flutter_inappwebview] AndroidManifest.xml:43:13-37
109
110        <meta-data
110-->[:flutter_inappwebview] AndroidManifest.xml:45:9-47:36
111            android:name="io.flutter.embedded_views_preview"
111-->[:flutter_inappwebview] AndroidManifest.xml:46:13-61
112            android:value="true" />
112-->[:flutter_inappwebview] AndroidManifest.xml:47:13-33
113
114        <activity
114-->[:url_launcher_android] AndroidManifest.xml:10:9-13:74
115            android:name="io.flutter.plugins.urllauncher.WebViewActivity"
115-->[:url_launcher_android] AndroidManifest.xml:11:13-74
116            android:exported="false"
116-->[:url_launcher_android] AndroidManifest.xml:12:13-37
117            android:theme="@android:style/Theme.NoTitleBar.Fullscreen" />
117-->[:url_launcher_android] AndroidManifest.xml:13:13-71
118
119        <uses-library
119-->[androidx.window:window:1.0.0-beta04] AndroidManifest.xml:25:9-27:40
120            android:name="androidx.window.extensions"
120-->[androidx.window:window:1.0.0-beta04] AndroidManifest.xml:26:13-54
121            android:required="false" />
121-->[androidx.window:window:1.0.0-beta04] AndroidManifest.xml:27:13-37
122        <uses-library
122-->[androidx.window:window:1.0.0-beta04] AndroidManifest.xml:28:9-30:40
123            android:name="androidx.window.sidecar"
123-->[androidx.window:window:1.0.0-beta04] AndroidManifest.xml:29:13-51
124            android:required="false" />
124-->[androidx.window:window:1.0.0-beta04] AndroidManifest.xml:30:13-37
125
126        <provider
126-->[androidx.emoji2:emoji2:1.2.0] AndroidManifest.xml:24:9-32:20
127            android:name="androidx.startup.InitializationProvider"
127-->[androidx.emoji2:emoji2:1.2.0] AndroidManifest.xml:25:13-67
128            android:authorities="pstudio.com.unwebsiath2.androidx-startup"
128-->[androidx.emoji2:emoji2:1.2.0] AndroidManifest.xml:26:13-68
129            android:exported="false" >
129-->[androidx.emoji2:emoji2:1.2.0] AndroidManifest.xml:27:13-37
130            <meta-data
130-->[androidx.emoji2:emoji2:1.2.0] AndroidManifest.xml:29:13-31:52
131                android:name="androidx.emoji2.text.EmojiCompatInitializer"
131-->[androidx.emoji2:emoji2:1.2.0] AndroidManifest.xml:30:17-75
132                android:value="androidx.startup" />
132-->[androidx.emoji2:emoji2:1.2.0] AndroidManifest.xml:31:17-49
133            <meta-data
133-->[androidx.lifecycle:lifecycle-process:2.4.1] AndroidManifest.xml:31:13-33:52
134                android:name="androidx.lifecycle.ProcessLifecycleInitializer"
134-->[androidx.lifecycle:lifecycle-process:2.4.1] AndroidManifest.xml:32:17-78
135                android:value="androidx.startup" />
135-->[androidx.lifecycle:lifecycle-process:2.4.1] AndroidManifest.xml:33:17-49
136        </provider>
137    </application>
138
139</manifest>